<?xml version="1.0" encoding="UTF-8"?>
<testng-results skipped="0" failed="0" ignored="0" total="1" passed="1">
  <reporter-output>
  </reporter-output>
  <suite name="Default suite" duration-ms="6828" started-at="2019-03-19T19:55:39Z" finished-at="2019-03-19T19:55:46Z">
    <groups>
    </groups>
    <test name="Default test" duration-ms="6828" started-at="2019-03-19T19:55:39Z" finished-at="2019-03-19T19:55:46Z">
      <class name="com.expedia.Expedia.Expedia">
        <test-method status="PASS" signature="Expediafirst()[pri:0, instance:com.expedia.Expedia.Expedia@1a968a59]" name="Expediafirst" duration-ms="6791" started-at="2019-03-19T19:55:40Z" finished-at="2019-03-19T19:55:46Z">
          <reporter-output>
          </reporter-output>
        </test-method> <!-- Expediafirst -->
      </class> <!-- com.expedia.Expedia.Expedia -->
    </test> <!-- Default test -->
  </suite> <!-- Default suite -->
</testng-results>
